INFO : org.springframework.web.context.ContextLoader - Root WebApplicationContext: initialization started
INFO : org.springframework.web.context.support.XmlWebApplicationContext - Refreshing Root WebApplicationContext: startup date [Wed Mar 04 13:13:54 NPT 2020]; root of context hierarchy
INFO : org.springframework.beans.factory.xml.XmlBeanDefinitionReader - Loading XML bean definitions from ServletContext resource [/WEB-INF/spring/root-context.xml]
INFO : org.springframework.web.context.ContextLoader - Root WebApplicationContext: initialization completed in 3917 ms
INFO : org.springframework.web.servlet.DispatcherServlet - FrameworkServlet 'appServlet': initialization started
INFO : org.springframework.web.context.support.XmlWebApplicationContext - Refreshing WebApplicationContext for namespace 'appServlet-servlet': startup date [Wed Mar 04 13:13:58 NPT 2020]; parent: Root WebApplicationContext
INFO : org.springframework.beans.factory.xml.XmlBeanDefinitionReader - Loading XML bean definitions from ServletContext resource [/WEB-INF/spring/appServlet/servlet-context.xml]
INFO : org.springframework.beans.factory.annotation.AutowiredAnnotationBeanPostProcessor - JSR-330 'javax.inject.Inject' annotation found and supported for autowiring
INFO : org.springframework.web.servlet.mvc.method.annotation.RequestMappingHandlerMapping - Mapped "{[/update],methods=[POST],params=[],headers=[],consumes=[],produces=[],custom=[]}" onto public java.lang.String com.prabin.springproject.controller.EmployeeController.update(com.prabin.springproject.model.Employee,org.springframework.ui.Model,javax.servlet.http.HttpSession)
INFO : org.springframework.web.servlet.mvc.method.annotation.RequestMappingHandlerMapping - Mapped "{[/{id}/delete],methods=[GET],params=[],headers=[],consumes=[],produces=[],custom=[]}" onto public java.lang.String com.prabin.springproject.controller.EmployeeController.delete(int,org.springframework.ui.Model,javax.servlet.http.HttpSession)
INFO : org.springframework.web.servlet.mvc.method.annotation.RequestMappingHandlerMapping - Mapped "{[/home],methods=[],params=[],headers=[],consumes=[],produces=[],custom=[]}" onto public java.lang.String com.prabin.springproject.controller.EmployeeController.home(org.springframework.ui.Model,javax.servlet.http.HttpSession)
INFO : org.springframework.web.servlet.mvc.method.annotation.RequestMappingHandlerMapping - Mapped "{[/employee],methods=[POST],params=[],headers=[],consumes=[],produces=[],custom=[]}" onto public java.lang.String com.prabin.springproject.controller.EmployeeController.saveEmployee(com.prabin.springproject.model.Employee,org.springframework.ui.Model,javax.servlet.http.HttpSession)
INFO : org.springframework.web.servlet.mvc.method.annotation.RequestMappingHandlerMapping - Mapped "{[/{id}/edit],methods=[GET],params=[],headers=[],consumes=[],produces=[],custom=[]}" onto public java.lang.String com.prabin.springproject.controller.EmployeeController.edit(int,org.springframework.ui.Model,javax.servlet.http.HttpSession)
INFO : org.springframework.web.servlet.mvc.method.annotation.RequestMappingHandlerMapping - Mapped "{[/employee],methods=[GET],params=[],headers=[],consumes=[],produces=[],custom=[]}" onto public java.lang.String com.prabin.springproject.controller.EmployeeController.getEmployeeForm(org.springframework.ui.Model,javax.servlet.http.HttpSession)
INFO : org.springframework.web.servlet.mvc.method.annotation.RequestMappingHandlerMapping - Mapped "{[/gallery],methods=[],params=[],headers=[],consumes=[],produces=[],custom=[]}" onto public java.lang.String com.prabin.springproject.controller.GalleryController.gallery(org.springframework.ui.Model)
INFO : org.springframework.web.servlet.mvc.method.annotation.RequestMappingHandlerMapping - Mapped "{[/logout],methods=[],params=[],headers=[],consumes=[],produces=[],custom=[]}" onto public java.lang.String com.prabin.springproject.controller.LoginController.logout(javax.servlet.http.HttpSession)
INFO : org.springframework.web.servlet.mvc.method.annotation.RequestMappingHandlerMapping - Mapped "{[/facebook],methods=[GET],params=[],headers=[],consumes=[],produces=[],custom=[]}" onto public java.lang.String com.prabin.springproject.controller.LoginController.fbLogin()
INFO : org.springframework.web.servlet.mvc.method.annotation.RequestMappingHandlerMapping - Mapped "{[/login],methods=[POST],params=[],headers=[],consumes=[],produces=[],custom=[]}" onto public java.lang.String com.prabin.springproject.controller.LoginController.checkUser(com.prabin.springproject.model.User,org.springframework.ui.Model,javax.servlet.http.HttpSession)
INFO : org.springframework.web.servlet.mvc.method.annotation.RequestMappingHandlerMapping - Mapped "{[/login],methods=[GET],params=[],headers=[],consumes=[],produces=[],custom=[]}" onto public java.lang.String com.prabin.springproject.controller.LoginController.getLoginForm()
INFO : org.springframework.web.servlet.mvc.method.annotation.RequestMappingHandlerMapping - Mapped "{[/authorize/facebook],methods=[GET],params=[],headers=[],consumes=[],produces=[],custom=[]}" onto public java.lang.String com.prabin.springproject.controller.LoginController.saveFbUser(java.lang.String,org.springframework.ui.Model,javax.servlet.http.HttpServletRequest)
INFO : org.springframework.web.servlet.mvc.method.annotation.RequestMappingHandlerMapping - Mapped "{[/signup],methods=[GET],params=[],headers=[],consumes=[],produces=[],custom=[]}" onto public java.lang.String com.prabin.springproject.controller.SignupController.getSignUpForm()
INFO : org.springframework.web.servlet.mvc.method.annotation.RequestMappingHandlerMapping - Mapped "{[/signup],methods=[POST],params=[],headers=[],consumes=[],produces=[],custom=[]}" onto public java.lang.String com.prabin.springproject.controller.SignupController.saveUser(com.prabin.springproject.model.User)
INFO : org.springframework.web.servlet.mvc.method.annotation.RequestMappingHandlerMapping - Mapped "{[/upload],methods=[],params=[],headers=[],consumes=[],produces=[],custom=[]}" onto public java.lang.String com.prabin.springproject.controller.UploadController.upload()
INFO : org.springframework.web.servlet.mvc.method.annotation.RequestMappingHandlerMapping - Mapped "{[/upload],methods=[POST],params=[],headers=[],consumes=[],produces=[],custom=[]}" onto public java.lang.String com.prabin.springproject.controller.UploadController.saveFile(org.springframework.web.multipart.MultipartFile,org.springframework.ui.Model) throws java.io.IOException
INFO : org.springframework.web.servlet.mvc.method.annotation.RequestMappingHandlerMapping - Mapped "{[/],methods=[GET],params=[],headers=[],consumes=[],produces=[],custom=[]}" onto public java.lang.String com.prabin.springproject.HomeController.home(java.util.Locale,org.springframework.ui.Model)
INFO : org.springframework.web.servlet.handler.SimpleUrlHandlerMapping - Mapped URL path [/resources/**] onto handler 'org.springframework.web.servlet.resource.ResourceHttpRequestHandler#0'
INFO : org.springframework.web.servlet.DispatcherServlet - FrameworkServlet 'appServlet': initialization completed in 1855 ms
INFO : com.prabin.springproject.HomeController - Welcome home! The client locale is en_US.
INFO : com.prabin.springproject.controller.LoginController - login success
